--------------------------------------------------------------------------------
Release 14.7 Trace  (nt64)
Copyright (c) 1995-2013 Xilinx, Inc.  All rights reserved.

C:\Xilinx\14.7\ISE_DS\ISE\bin\nt64\unwrapped\trce.exe -intstyle ise -v 3 -s 3
-n 3 -fastpaths -xml RANDOM.twx RANDOM.ncd -o RANDOM.twr RANDOM.pcf -ucf
RANDOM.ucf

Design file:              RANDOM.ncd
Physical constraint file: RANDOM.pcf
Device,package,speed:     xc6slx9,tqg144,C,-3 (PRODUCTION 1.23 2013-10-13)
Report level:             verbose report

Environment Variable      Effect 
--------------------      ------ 
NONE                      No environment variables were set
--------------------------------------------------------------------------------

INFO:Timing:2698 - No timing constraints found, doing default enumeration.
INFO:Timing:3412 - To improve timing, see the Timing Closure User Guide (UG612).
INFO:Timing:2752 - To get complete path coverage, use the unconstrained paths 
   option. All paths that are not constrained will be reported in the 
   unconstrained paths section(s) of the report.
INFO:Timing:3339 - The clock-to-out numbers in this timing report are based on 
   a 50 Ohm transmission line loading model.  For the details of this model, 
   and for more information on accounting for different loading conditions, 
   please see the device datasheet.



Data Sheet report:
-----------------
All values displayed in nanoseconds (ns)

Setup/Hold to clock PB1
------------+------------+------------+------------+------------+------------------+--------+
            |Max Setup to|  Process   |Max Hold to |  Process   |                  | Clock  |
Source      | clk (edge) |   Corner   | clk (edge) |   Corner   |Internal Clock(s) | Phase  |
------------+------------+------------+------------+------------+------------------+--------+
CLR         |   -0.364(R)|      FAST  |    1.273(R)|      SLOW  |XLXN_101          |   0.000|
------------+------------+------------+------------+------------+------------------+--------+

Clock PB1 to Pad
------------+-----------------+------------+-----------------+------------+------------------+--------+
            |Max (slowest) clk|  Process   |Min (fastest) clk|  Process   |                  | Clock  |
Destination |  (edge) to PAD  |   Corner   |  (edge) to PAD  |   Corner   |Internal Clock(s) | Phase  |
------------+-----------------+------------+-----------------+------------+------------------+--------+
Buzzer      |        11.116(R)|      SLOW  |         6.068(R)|      FAST  |XLXN_101          |   0.000|
a           |        10.726(R)|      SLOW  |         5.750(R)|      FAST  |XLXN_101          |   0.000|
b           |        11.006(R)|      SLOW  |         5.864(R)|      FAST  |XLXN_101          |   0.000|
c           |        10.832(R)|      SLOW  |         5.848(R)|      FAST  |XLXN_101          |   0.000|
d           |        10.518(R)|      SLOW  |         5.738(R)|      FAST  |XLXN_101          |   0.000|
e           |        10.183(R)|      SLOW  |         5.517(R)|      FAST  |XLXN_101          |   0.000|
f           |        11.055(R)|      SLOW  |         5.723(R)|      FAST  |XLXN_101          |   0.000|
g           |        11.184(R)|      SLOW  |         5.860(R)|      FAST  |XLXN_101          |   0.000|
------------+-----------------+------------+-----------------+------------+------------------+--------+

Clock to Setup on destination clock OSC
---------------+---------+---------+---------+---------+
               | Src:Rise| Src:Fall| Src:Rise| Src:Fall|
Source Clock   |Dest:Rise|Dest:Rise|Dest:Fall|Dest:Fall|
---------------+---------+---------+---------+---------+
OSC            |    0.909|         |         |         |
---------------+---------+---------+---------+---------+

Clock to Setup on destination clock PB1
---------------+---------+---------+---------+---------+
               | Src:Rise| Src:Fall| Src:Rise| Src:Fall|
Source Clock   |Dest:Rise|Dest:Rise|Dest:Fall|Dest:Fall|
---------------+---------+---------+---------+---------+
PB1            |    1.369|         |         |         |
---------------+---------+---------+---------+---------+

Pad to Pad
---------------+---------------+---------+
Source Pad     |Destination Pad|  Delay  |
---------------+---------------+---------+
PB1            |Buzzer         |    8.661|
---------------+---------------+---------+


Analysis completed Sat Oct 17 23:41:12 2020 
--------------------------------------------------------------------------------

Trace Settings:
-------------------------
Trace Settings 

Peak Memory Usage: 4571 MB



